<?xml version="1.0" encoding="UTF-8"?>
<!-- Generated by org.testng.reporters.JUnitXMLReporter -->
<testsuite hostname="Akkis-Mac.local" ignored="0" name="Home Page Test" tests="11" failures="0" timestamp="02 May 2021 19:03:03 GMT" time="39.188" errors="0">
  <testcase name="@BeforeTest init_Setup" time="38.957" classname="com.qa.amazon.tests.ApplePhonePageTest">
    <failure type="org.openqa.selenium.TimeoutException" message="Expected condition failed: waiting for presence of element located by: By.xpath: //span[text()=&amp;apos;Apple&amp;apos;] (tried for 20 second(s) with 500 milliseconds interval)">
      <![CDATA[org.openqa.selenium.TimeoutException: Expected condition failed: waiting for presence of element located by: By.xpath: //span[text()='Apple'] (tried for 20 second(s) with 500 milliseconds interval)
at org.openqa.selenium.support.ui.WebDriverWait.timeoutException(WebDriverWait.java:95)
at org.openqa.selenium.support.ui.FluentWait.until(FluentWait.java:272)
at com.aq.amazon.utils.ElementUtils.doWaitForElementPresent(ElementUtils.java:27)
at com.qa.amazon.pages.MobilePhonePage.doClickAppleCheckBox(MobilePhonePage.java:49)
at com.qa.amazon.tests.ApplePhonePageTest.init_Setup(ApplePhonePageTest.java:37)
Caused by: org.openqa.selenium.NoSuchElementException: no such element: Unable to locate element: {"method":"xpath","selector":"//span[text()='Apple']"}
  (Session info: chrome=90.0.4430.93)
For documentation on this error, please visit: https://www.seleniumhq.org/exceptions/no_such_element.html
Build info: version: '3.141.59', revision: 'e82be7d358', time: '2018-11-14T08:17:03'
System info: host: 'Akkis-Mac.local', ip: '2401:4900:5072:b156:910a:a4a4:9705:5337%en0', os.name: 'Mac OS X', os.arch: 'x86_64', os.version: '10.15.7', java.version: '1.8.0_202'
Driver info: org.openqa.selenium.chrome.ChromeDriver
Capabilities {acceptInsecureCerts: false, browserName: chrome, browserVersion: 90.0.4430.93, chrome: {chromedriverVersion: 90.0.4430.24 (4c6d850f087da..., userDataDir: /var/folders/ns/cmlxkp_x7ls...}, goog:chromeOptions: {debuggerAddress: localhost:55076}, javascriptEnabled: true, networkConnectionEnabled: false, pageLoadStrategy: normal, platform: MAC, platformName: MAC, proxy: Proxy(), setWindowRect: true, strictFileInteractability: false, timeouts: {implicit: 0, pageLoad: 300000, script: 30000}, unhandledPromptBehavior: dismiss and notify, webauthn:extension:largeBlob: true, webauthn:virtualAuthenticators: true}
Session ID: a4127c43bf205ab2e411f1fa947928db
*** Element info: {Using=xpath, value=//span[text()='Apple']}
at org.openqa.selenium.remote.http.W3CHttpResponseCodec.createException(W3CHttpResponseCodec.java:187)
at org.openqa.selenium.remote.http.W3CHttpResponseCodec.decode(W3CHttpResponseCodec.java:122)
at org.openqa.selenium.remote.http.W3CHttpResponseCodec.decode(W3CHttpResponseCodec.java:49)
at org.openqa.selenium.remote.HttpCommandExecutor.execute(HttpCommandExecutor.java:158)
at org.openqa.selenium.remote.service.DriverCommandExecutor.execute(DriverCommandExecutor.java:83)
at org.openqa.selenium.remote.RemoteWebDriver.execute(RemoteWebDriver.java:552)
at org.openqa.selenium.remote.RemoteWebDriver.findElement(RemoteWebDriver.java:323)
at org.openqa.selenium.remote.RemoteWebDriver.findElementByXPath(RemoteWebDriver.java:428)
at org.openqa.selenium.By$ByXPath.findElement(By.java:353)
at org.openqa.selenium.remote.RemoteWebDriver.findElement(RemoteWebDriver.java:315)
at org.openqa.selenium.support.ui.ExpectedConditions$6.apply(ExpectedConditions.java:182)
at org.openqa.selenium.support.ui.ExpectedConditions$6.apply(ExpectedConditions.java:179)
at org.openqa.selenium.support.ui.FluentWait.until(FluentWait.java:249)
... 27 more
... Removed 28 stack frames]]>
    </failure>
  </testcase> <!-- @BeforeTest init_Setup -->
  <testcase name="@BeforeTest init_Setup" time="0.0" classname="com.qa.amazon.tests.MobilePhonePageTest">
    <skipped/>
  </testcase> <!-- @BeforeTest init_Setup -->
  <testcase name="@BeforeTest init_Setup" time="0.0" classname="com.qa.amazon.tests.ShoppingCartCheckoutPageTest">
    <skipped/>
  </testcase> <!-- @BeforeTest init_Setup -->
  <testcase name="@BeforeTest init_Setup" time="0.0" classname="com.qa.amazon.tests.ShoppingCartPageTest">
    <skipped/>
  </testcase> <!-- @BeforeTest init_Setup -->
  <testcase name="@BeforeClass init_Setup" time="0.0" classname="com.qa.amazon.tests.HomePageTest">
    <skipped/>
  </testcase> <!-- @BeforeClass init_Setup -->
  <testcase name="verifyHomePageTitleTest" time="0.0" classname="com.qa.amazon.tests.HomePageTest">
    <skipped/>
  </testcase> <!-- verifyHomePageTitleTest -->
  <testcase name="verifyMobilePhonePageTitleTest" time="0.0" classname="com.qa.amazon.tests.MobilePhonePageTest">
    <skipped/>
  </testcase> <!-- verifyMobilePhonePageTitleTest -->
  <testcase name="verifyApplePhonePageTitleTest" time="0.0" classname="com.qa.amazon.tests.ApplePhonePageTest">
    <skipped/>
  </testcase> <!-- verifyApplePhonePageTitleTest -->
  <testcase name="verifyShoppingCartPageTitleTest" time="0.0" classname="com.qa.amazon.tests.ShoppingCartPageTest">
    <skipped/>
  </testcase> <!-- verifyShoppingCartPageTitleTest -->
  <testcase name="verifyShoppingCartCheckoutPagePageTitleTest" time="0.0" classname="com.qa.amazon.tests.ShoppingCartCheckoutPageTest">
    <skipped/>
  </testcase> <!-- verifyShoppingCartCheckoutPagePageTitleTest -->
  <testcase name="verifySearchButtonTest" time="0.0" classname="com.qa.amazon.tests.HomePageTest">
    <skipped/>
  </testcase> <!-- verifySearchButtonTest -->
  <testcase name="verifyAppleCheckBoxTest" time="0.0" classname="com.qa.amazon.tests.MobilePhonePageTest">
    <skipped/>
  </testcase> <!-- verifyAppleCheckBoxTest -->
  <testcase name="verifyAddToCart" time="0.0" classname="com.qa.amazon.tests.ApplePhonePageTest">
    <skipped/>
  </testcase> <!-- verifyAddToCart -->
  <testcase name="verifyClickOnCart" time="0.0" classname="com.qa.amazon.tests.ShoppingCartPageTest">
    <skipped/>
  </testcase> <!-- verifyClickOnCart -->
  <testcase name="verifyCartItem" time="0.0" classname="com.qa.amazon.tests.ShoppingCartCheckoutPageTest">
    <skipped/>
  </testcase> <!-- verifyCartItem -->
  <testcase name="verifyApplePhoneClick" time="0.0" classname="com.qa.amazon.tests.MobilePhonePageTest">
    <skipped/>
  </testcase> <!-- verifyApplePhoneClick -->
</testsuite> <!-- Home Page Test -->
